<?xml version="1.0" encoding="UTF-8"?>
<coverage generated="1573583309070" clover="3.2.0">
  <project timestamp="1573583309071" name="All files">
    <metrics statements="37" coveredstatements="37" conditionals="8" coveredconditionals="8" methods="7" coveredmethods="7" elements="52" coveredelements="52" complexity="0" loc="37" ncloc="37" packages="1" files="3" classes="3"/>
    <file name="Itinerary.js" path="/home/stephen/Projects/cruise-ships/src/Itinerary.js">
      <metrics statements="4" coveredstatements="4" conditionals="0" coveredconditionals="0" methods="1" coveredmethods="1"/>
      <line num="1" count="3" type="stmt"/>
      <line num="2" count="3" type="stmt"/>
      <line num="6" count="19" type="stmt"/>
      <line num="10" count="3" type="stmt"/>
    </file>
    <file name="Port.js" path="/home/stephen/Projects/cruise-ships/src/Port.js">
      <metrics statements="9" coveredstatements="9" conditionals="2" coveredconditionals="2" methods="3" coveredmethods="3"/>
      <line num="1" count="3" type="stmt"/>
      <line num="2" count="3" type="stmt"/>
      <line num="6" count="39" type="stmt"/>
      <line num="7" count="39" type="stmt"/>
      <line num="10" count="24" type="stmt"/>
      <line num="13" count="14" type="cond" truecount="2" falsecount="0"/>
      <line num="14" count="1" type="stmt"/>
      <line num="17" count="13" type="stmt"/>
      <line num="21" count="3" type="stmt"/>
    </file>
    <file name="Ship.js" path="/home/stephen/Projects/cruise-ships/src/Ship.js">
      <metrics statements="24" coveredstatements="24" conditionals="6" coveredconditionals="6" methods="3" coveredmethods="3"/>
      <line num="1" count="3" type="stmt"/>
      <line num="2" count="3" type="stmt"/>
      <line num="5" count="17" type="stmt"/>
      <line num="6" count="17" type="stmt"/>
      <line num="7" count="17" type="stmt"/>
      <line num="8" count="17" type="stmt"/>
      <line num="9" count="17" type="stmt"/>
      <line num="10" count="17" type="stmt"/>
      <line num="11" count="17" type="stmt"/>
      <line num="14" count="13" type="cond" truecount="2" falsecount="0"/>
      <line num="15" count="1" type="stmt"/>
      <line num="17" count="12" type="cond" truecount="2" falsecount="0"/>
      <line num="18" count="1" type="stmt"/>
      <line num="20" count="11" type="stmt"/>
      <line num="21" count="11" type="stmt"/>
      <line num="22" count="11" type="stmt"/>
      <line num="23" count="11" type="stmt"/>
      <line num="24" count="11" type="stmt"/>
      <line num="28" count="7" type="cond" truecount="2" falsecount="0"/>
      <line num="29" count="1" type="stmt"/>
      <line num="31" count="6" type="stmt"/>
      <line num="32" count="6" type="stmt"/>
      <line num="33" count="6" type="stmt"/>
      <line num="37" count="3" type="stmt"/>
    </file>
  </project>
</coverage>
