TN:
SF:/home/stephen/Projects/cruise-ships/src/Itinerary.js
FN:5,(anonymous_0)
FNF:1
FNH:1
FNDA:19,(anonymous_0)
DA:1,3
DA:2,3
DA:6,19
DA:10,3
LF:4
LH:4
BRF:0
BRH:0
end_of_record
TN:
SF:/home/stephen/Projects/cruise-ships/src/Port.js
FN:5,(anonymous_0)
FN:9,(anonymous_1)
FN:12,(anonymous_2)
FNF:3
FNH:3
FNDA:39,(anonymous_0)
FNDA:24,(anonymous_1)
FNDA:14,(anonymous_2)
DA:1,3
DA:2,3
DA:6,39
DA:7,39
DA:10,24
DA:13,14
DA:14,1
DA:17,13
DA:21,3
LF:9
LH:9
BRDA:13,0,0,1
BRDA:13,0,1,13
BRF:2
BRH:2
end_of_record
TN:
SF:/home/stephen/Projects/cruise-ships/src/Ship.js
FN:4,(anonymous_0)
FN:13,(anonymous_1)
FN:27,(anonymous_2)
FNF:3
FNH:3
FNDA:17,(anonymous_0)
FNDA:13,(anonymous_1)
FNDA:7,(anonymous_2)
DA:1,3
DA:2,3
DA:5,17
DA:6,17
DA:7,17
DA:8,17
DA:9,17
DA:10,17
DA:11,17
DA:14,13
DA:15,1
DA:17,12
DA:18,1
DA:20,11
DA:21,11
DA:22,11
DA:23,11
DA:24,11
DA:28,7
DA:29,1
DA:31,6
DA:32,6
DA:33,6
DA:37,3
LF:24
LH:24
BRDA:14,0,0,1
BRDA:14,0,1,12
BRDA:17,1,0,1
BRDA:17,1,1,11
BRDA:28,2,0,1
BRDA:28,2,1,6
BRF:6
BRH:6
end_of_record
